<?xml version="1.0" encoding="UTF-8"?>
<!-- Generated by org.testng.reporters.JUnitReportReporter -->
<testsuite hostname="Chytra" failures="0" tests="5" name="com.test.sample.practice_automation.tests.AutomationScripts" time="61.483" errors="0" timestamp="08 May 2022 17:36:55 GMT" skipped="0">
  <testcase classname="com.test.sample.practice_automation.tests.AutomationScripts" name="validateBasicAuthByProvidingCorrectUNandPWD" time="25.744"/>
  <testcase classname="com.test.sample.practice_automation.tests.AutomationScripts" name="validateFileUpload" time="11.418"/>
  <testcase classname="com.test.sample.practice_automation.tests.AutomationScripts" name="validateFormAuthenticationForValidUNandPWD" time="8.496"/>
  <testcase classname="com.test.sample.practice_automation.tests.AutomationScripts" name="validateFormAuthenticationForInvalidUNandPWD" time="8.127"/>
  <testcase classname="com.test.sample.practice_automation.tests.AutomationScripts" name="validateCheckboxStatus" time="7.698"/>
</testsuite> <!-- com.test.sample.practice_automation.tests.AutomationScripts -->
